Lockaxial/build/outputs/logs/manifest-merger-debug-report.txt
-- Merging decision tree log ---
manifest
ADDED from src\main\AndroidManifest.xml:2:1-281:12
	package
		ADDED from src\main\AndroidManifest.xml:3:11-43
		INJECTED from src\main\AndroidManifest.xml
		INJECTED from src\main\AndroidManifest.xml
	android:sharedUserId
		ADDED from src\main\AndroidManifest.xml:5:11-52
	android:versionName
		INJECTED from src\main\AndroidManifest.xml
		INJECTED from src\main\AndroidManifest.xml
	xmlns:android
		ADDED from src\main\AndroidManifest.xml:2:11-69
	android:versionCode
		INJECTED from src\main\AndroidManifest.xml
		INJECTED from src\main\AndroidManifest.xml
	android:installLocation
		ADDED from src\main\AndroidManifest.xml:4:11-49
uses-permission#android.permission.REBOOT
ADDED from src\main\AndroidManifest.xml:8:5-10:55
	android:protectionLevel
		ADDED from src\main\AndroidManifest.xml:10:9-52
	android:name
		ADDED from src\main\AndroidManifest.xml:9:9-49
uses-permission#android.permission.SHUTDOWN
ADDED from src\main\AndroidManifest.xml:11:5-13:54
	android:protectionLevel
		ADDED from src\main\AndroidManifest.xml:13:9-52
	android:name
		ADDED from src\main\AndroidManifest.xml:12:9-51
uses-permission#android.permission.RECORD_AUDIO
ADDED from src\main\AndroidManifest.xml:14:5-70
	android:name
		ADDED from src\main\AndroidManifest.xml:14:22-68
uses-permission#android.permission.VIBRATE
ADDED from src\main\AndroidManifest.xml:15:5-65
	android:name
		ADDED from src\main\AndroidManifest.xml:15:22-63
uses-permission#android.permission.SYSTEM_ALERT_WINDOW
ADDED from src\main\AndroidManifest.xml:16:5-77
	android:name
		ADDED from src\main\AndroidManifest.xml:16:22-75
uses-permission#android.permission.MODIFY_AUDIO_SETTINGS
ADDED from src\main\AndroidManifest.xml:17:5-79
	android:name
		ADDED from src\main\AndroidManifest.xml:17:22-77
uses-permission#android.permission.INSTALL_PACKAGES
ADDED from src\main\AndroidManifest.xml:18:5-91
	android:name
		ADDED from src\main\AndroidManifest.xml:18:22-72
uses-feature#android.hardware.nfc
ADDED from src\main\AndroidManifest.xml:19:5-21:35
	android:required
		ADDED from src\main\AndroidManifest.xml:21:9-32
	android:name
		ADDED from src\main\AndroidManifest.xml:20:9-44
uses-feature#android.hardware.camera
ADDED from src\main\AndroidManifest.xml:24:5-26:36
MERGED from [LockaxialQQ-master:arcsoft:unspecified] AndroidManifest.xml:12:5-14:36
	android:required
		ADDED from src\main\AndroidManifest.xml:26:9-33
	android:name
		ADDED from src\main\AndroidManifest.xml:25:9-47
uses-feature#android.hardware.camera.autofocus
ADDED from src\main\AndroidManifest.xml:27:5-29:36
MERGED from [LockaxialQQ-master:arcsoft:unspecified] AndroidManifest.xml:15:5-17:36
	android:required
		ADDED from src\main\AndroidManifest.xml:29:9-33
	android:name
		ADDED from src\main\AndroidManifest.xml:28:9-57
uses-feature#android.hardware.camera.setParameters
ADDED from src\main\AndroidManifest.xml:30:5-32:36
MERGED from [LockaxialQQ-master:arcsoft:unspecified] AndroidManifest.xml:18:5-20:36
	android:required
		ADDED from src\main\AndroidManifest.xml:32:9-33
	android:name
		ADDED from src\main\AndroidManifest.xml:31:9-61
uses-permission#android.permission.READ_SMS
ADDED from src\main\AndroidManifest.xml:34:5-67
	android:name
		ADDED from src\main\AndroidManifest.xml:34:22-64
uses-permission#android.permission.RECEIVE_SMS
ADDED from src\main\AndroidManifest.xml:36:5-70
	android:name
		ADDED from src\main\AndroidManifest.xml:36:22-67
uses-permission#android.permission.MOUNT_UNMOUNT_FILESYSTEMS
ADDED from src\main\AndroidManifest.xml:38:5-84
MERGED from [com.guo.android_extend:android-extend:1.0.1] AndroidManifest.xml:18:5-84
MERGED from [LockaxialQQ-master:synjones:unspecified] AndroidManifest.xml:13:5-84
	android:name
		ADDED from src\main\AndroidManifest.xml:38:22-81
uses-permission#android.permission.CHANGE_WIFI_STATE
ADDED from src\main\AndroidManifest.xml:39:5-76
MERGED from [:appLibs:] AndroidManifest.xml:12:5-76
	android:name
		ADDED from src\main\AndroidManifest.xml:39:22-73
uses-permission#android.permission.RECEIVE_BOOT_COMPLETED
ADDED from src\main\AndroidManifest.xml:41:5-81
MERGED from [LockaxialQQ-master:synjones:unspecified] AndroidManifest.xml:11:5-81
	android:name
		ADDED from src\main\AndroidManifest.xml:41:22-78
uses-permission#android.permission.NFC
ADDED from src\main\AndroidManifest.xml:42:5-62
MERGED from [:appLibs:] AndroidManifest.xml:13:5-62
	android:name
		ADDED from src\main\AndroidManifest.xml:42:22-59
permission#com.tencent.devicedemo.permission.RECEIVE_MSG
ADDED from src\main\AndroidManifest.xml:47:5-49:47
	android:protectionLevel
		ADDED from src\main\AndroidManifest.xml:49:9-44
	android:name
		ADDED from src\main\AndroidManifest.xml:48:9-69
permission#com.tencent.devicedemo.permission.INCOMING_CALL
ADDED from src\main\AndroidManifest.xml:50:5-52:47
	android:protectionLevel
		ADDED from src\main\AndroidManifest.xml:52:9-44
	android:name
		ADDED from src\main\AndroidManifest.xml:51:9-71
uses-permission#com.tencent.devicedemo.permission.RECEIVE_MSG
ADDED from src\main\AndroidManifest.xml:54:5-85
	android:name
		ADDED from src\main\AndroidManifest.xml:54:22-82
uses-permission#com.tencent.devicedemo.permission.INCOMING_CALL
ADDED from src\main\AndroidManifest.xml:56:5-87
	android:name
		ADDED from src\main\AndroidManifest.xml:56:22-84
uses-permission#android.permission.GET_TASKS
ADDED from src\main\AndroidManifest.xml:58:5-68
	android:name
		ADDED from src\main\AndroidManifest.xml:58:22-65
uses-permission#android.permission.WAKE_LOCK
ADDED from src\main\AndroidManifest.xml:62:5-68
	android:name
		ADDED from src\main\AndroidManifest.xml:62:22-65
uses-permission#android.permission.CAMERA
ADDED from src\main\AndroidManifest.xml:64:5-65
MERGED from [LockaxialQQ-master:arcsoft:unspecified] AndroidManifest.xml:23:5-65
MERGED from [com.guo.android_extend:android-extend:1.0.1] AndroidManifest.xml:15:5-65
	android:name
		ADDED from src\main\AndroidManifest.xml:64:22-62
uses-permission#android.permission.INTERNET
ADDED from src\main\AndroidManifest.xml:66:5-67
MERGED from [LockaxialQQ-master:arcsoft:unspecified] AndroidManifest.xml:27:5-67
MERGED from [com.guo.android_extend:android-extend:1.0.1] AndroidManifest.xml:13:5-67
	android:name
		ADDED from src\main\AndroidManifest.xml:66:22-64
uses-permission#android.permission.ACCESS_NETWORK_STATE
ADDED from src\main\AndroidManifest.xml:70:5-79
	android:name
		ADDED from src\main\AndroidManifest.xml:70:22-76
uses-permission#android.permission.ACCESS_WIFI_STATE
ADDED from src\main\AndroidManifest.xml:72:5-76
MERGED from [:appLibs:] AndroidManifest.xml:11:5-76
MERGED from [com.guo.android_extend:android-extend:1.0.1] AndroidManifest.xml:12:5-76
	android:name
		ADDED from src\main\AndroidManifest.xml:72:22-73
uses-permission#android.permission.CHANGE_NETWORK_STATE
ADDED from src\main\AndroidManifest.xml:74:5-79
	android:name
		ADDED from src\main\AndroidManifest.xml:74:22-76
uses-permission#android.permission.READ_PHONE_STATE
ADDED from src\main\AndroidManifest.xml:76:5-75
	android:name
		ADDED from src\main\AndroidManifest.xml:76:22-72
uses-permission#android.permission.READ_CONTACTS
ADDED from src\main\AndroidManifest.xml:78:5-72
	android:name
		ADDED from src\main\AndroidManifest.xml:78:22-69
uses-permission#android.permission.WRITE_EXTERNAL_STORAGE
ADDED from src\main\AndroidManifest.xml:80:5-81
MERGED from [LockaxialQQ-master:arcsoft:unspecified] AndroidManifest.xml:25:5-81
MERGED from [com.guo.android_extend:android-extend:1.0.1] AndroidManifest.xml:17:5-81
MERGED from [LockaxialQQ-master:synjones:unspecified] AndroidManifest.xml:12:5-81
	android:name
		ADDED from src\main\AndroidManifest.xml:80:22-78
uses-permission#android.permission.READ_EXTERNAL_STORAGE
ADDED from src\main\AndroidManifest.xml:82:5-80
	android:name
		ADDED from src\main\AndroidManifest.xml:82:22-77
uses-permission#android.permission.WRITE_SETTINGS
ADDED from src\main\AndroidManifest.xml:84:5-73
	android:name
		ADDED from src\main\AndroidManifest.xml:84:22-70
uses-permission#android.permission.ACCESS_FINE_LOCATION
ADDED from src\main\AndroidManifest.xml:86:5-79
	android:name
		ADDED from src\main\AndroidManifest.xml:86:22-76
uses-permission#android.permission.BLUETOOTH
ADDED from src\main\AndroidManifest.xml:88:5-68
	android:name
		ADDED from src\main\AndroidManifest.xml:88:22-65
uses-permission#android.permission.BLUETOOTH_ADMIN
ADDED from src\main\AndroidManifest.xml:89:5-74
	android:name
		ADDED from src\main\AndroidManifest.xml:89:22-71
uses-permission#android.permission.ACCESS_COARSE_LOCATION
ADDED from src\main\AndroidManifest.xml:91:5-81
	android:name
		ADDED from src\main\AndroidManifest.xml:91:22-78
uses-feature#android.hardware.bluetooth_le
ADDED from src\main\AndroidManifest.xml:92:5-94:35
	android:required
		ADDED from src\main\AndroidManifest.xml:94:9-32
	android:name
		ADDED from src\main\AndroidManifest.xml:93:9-53
application
ADDED from src\main\AndroidManifest.xml:96:5-279:19
MERGED from [:appLibs:] AndroidManifest.xml:15:5-19:19
MERGED from [com.android.support:design:23.2.0] AndroidManifest.xml:22:5-20
MERGED from [com.google.android.gms:play-services-appindexing:8.4.0] AndroidManifest.xml:19:5-20
MERGED from [com.google.android.gms:play-services-basement:8.4.0] AndroidManifest.xml:20:5-24:19
MERGED from [LockaxialQQ-master:arcsoft:unspecified] AndroidManifest.xml:29:5-45:19
MERGED from [com.android.support.constraint:constraint-layout:1.0.2] AndroidManifest.xml:9:5-20
MERGED from [LockaxialQQ-master:synjones:unspecified] AndroidManifest.xml:15:5-20:19
MERGED from [com.android.support:appcompat-v7:23.2.0] AndroidManifest.xml:25:5-20
MERGED from [com.android.support:animated-vector-drawable:23.2.0] AndroidManifest.xml:7:5-20
MERGED from [com.android.support:support-vector-drawable:23.2.0] AndroidManifest.xml:7:5-20
MERGED from [com.android.support:support-v4:23.2.0] AndroidManifest.xml:22:5-20
	android:screenOrientation
		ADDED from [LockaxialQQ-master:arcsoft:unspecified] AndroidManifest.xml:31:9-46
	android:label
		ADDED from src\main\AndroidManifest.xml:100:9-41
	android:supportsRtl
		ADDED from [:appLibs:] AndroidManifest.xml:18:9-35
	android:allowBackup
		ADDED from src\main\AndroidManifest.xml:98:9-35
	android:icon
		ADDED from src\main\AndroidManifest.xml:99:9-43
	android:theme
		ADDED from src\main\AndroidManifest.xml:101:9-40
	android:name
		ADDED from src\main\AndroidManifest.xml:97:9-40
meta-data#SUPERID_APPKEY
ADDED from src\main\AndroidManifest.xml:103:9-105:56
	android:value
		ADDED from src\main\AndroidManifest.xml:105:13-53
	android:name
		ADDED from src\main\AndroidManifest.xml:104:13-42
meta-data#SUPERID_SECRET
ADDED from src\main\AndroidManifest.xml:106:9-108:56
	android:value
		ADDED from src\main\AndroidManifest.xml:108:13-53
	android:name
		ADDED from src\main\AndroidManifest.xml:107:13-42
activity#com.tencent.devicedemo.MainActivity
ADDED from src\main\AndroidManifest.xml:110:9-132:20
	android:screenOrientation
		ADDED from src\main\AndroidManifest.xml:114:13-50
	android:label
		ADDED from src\main\AndroidManifest.xml:112:13-45
	android:launchMode
		ADDED from src\main\AndroidManifest.xml:113:13-44
	android:windowSoftInputMode
		ADDED from src\main\AndroidManifest.xml:116:13-54
	android:theme
		ADDED from src\main\AndroidManifest.xml:115:13-44
	android:name
		ADDED from src\main\AndroidManifest.xml:111:13-63
intent-filter#android.intent.action.MAIN+android.intent.category.DEFAULT+android.intent.category.LAUNCHER+android.nfc.action.TECH_DISCOVERED
ADDED from src\main\AndroidManifest.xml:121:13-128:29
action#android.nfc.action.TECH_DISCOVERED
ADDED from src\main\AndroidManifest.xml:122:17-77
	android:name
		ADDED from src\main\AndroidManifest.xml:122:25-74
action#android.intent.action.MAIN
ADDED from src\main\AndroidManifest.xml:124:17-69
	android:name
		ADDED from src\main\AndroidManifest.xml:124:25-66
category#android.intent.category.LAUNCHER
ADDED from src\main\AndroidManifest.xml:126:17-77
	android:name
		ADDED from src\main\AndroidManifest.xml:126:27-74
category#android.intent.category.DEFAULT
ADDED from src\main\AndroidManifest.xml:127:17-76
	android:name
		ADDED from src\main\AndroidManifest.xml:127:27-73
meta-data#android.nfc.action.TECH_DISCOVERED
ADDED from src\main\AndroidManifest.xml:129:13-131:59
	android:resource
		ADDED from src\main\AndroidManifest.xml:131:17-56
	android:name
		ADDED from src\main\AndroidManifest.xml:130:17-66
activity#com.tencent.devicedemo.InputCardInfoActivity
ADDED from src\main\AndroidManifest.xml:133:9-138:20
	android:screenOrientation
		ADDED from src\main\AndroidManifest.xml:137:13-50
	android:configChanges
		ADDED from src\main\AndroidManifest.xml:136:13-81
	android:alwaysRetainTaskState
		ADDED from src\main\AndroidManifest.xml:135:13-49
	android:name
		ADDED from src\main\AndroidManifest.xml:134:13-50
activity#com.tencent.devicedemo.BinderActivity
ADDED from src\main\AndroidManifest.xml:140:9-145:62
	android:screenOrientation
		ADDED from src\main\AndroidManifest.xml:145:13-50
	android:launchMode
		ADDED from src\main\AndroidManifest.xml:144:13-44
	android:configChanges
		ADDED from src\main\AndroidManifest.xml:143:13-81
	android:alwaysRetainTaskState
		ADDED from src\main\AndroidManifest.xml:142:13-49
	android:name
		ADDED from src\main\AndroidManifest.xml:141:13-65
activity#com.tencent.devicedemo.WifiDecodeActivity
ADDED from src\main\AndroidManifest.xml:147:9-152:62
	android:screenOrientation
		ADDED from src\main\AndroidManifest.xml:152:13-50
	android:launchMode
		ADDED from src\main\AndroidManifest.xml:151:13-44
	android:configChanges
		ADDED from src\main\AndroidManifest.xml:150:13-81
	android:alwaysRetainTaskState
		ADDED from src\main\AndroidManifest.xml:149:13-49
	android:name
		ADDED from src\main\AndroidManifest.xml:148:13-69
activity#com.tencent.devicedemo.VideoMessageActivity
ADDED from src\main\AndroidManifest.xml:154:9-159:62
	android:screenOrientation
		ADDED from src\main\AndroidManifest.xml:159:13-50
	android:launchMode
		ADDED from src\main\AndroidManifest.xml:158:13-44
	android:configChanges
		ADDED from src\main\AndroidManifest.xml:157:13-81
	android:alwaysRetainTaskState
		ADDED from src\main\AndroidManifest.xml:156:13-49
	android:name
		ADDED from src\main\AndroidManifest.xml:155:13-71
activity#com.tencent.devicedemo.VideoChatActivitySF
ADDED from src\main\AndroidManifest.xml:161:9-168:72
	android:process
		ADDED from src\main\AndroidManifest.xml:166:13-37
	android:screenOrientation
		ADDED from src\main\AndroidManifest.xml:167:13-50
	android:launchMode
		ADDED from src\main\AndroidManifest.xml:165:13-44
	android:configChanges
		ADDED from src\main\AndroidManifest.xml:164:13-81
	android:alwaysRetainTaskState
		ADDED from src\main\AndroidManifest.xml:163:13-49
	android:theme
		ADDED from src\main\AndroidManifest.xml:168:13-60
	android:name
		ADDED from src\main\AndroidManifest.xml:162:13-70
activity#com.tencent.devicedemo.VideoChatActivityHW
ADDED from src\main\AndroidManifest.xml:170:9-177:72
	android:process
		ADDED from src\main\AndroidManifest.xml:175:13-37
	android:screenOrientation
		ADDED from src\main\AndroidManifest.xml:176:13-50
	android:launchMode
		ADDED from src\main\AndroidManifest.xml:174:13-44
	android:configChanges
		ADDED from src\main\AndroidManifest.xml:173:13-81
	android:alwaysRetainTaskState
		ADDED from src\main\AndroidManifest.xml:172:13-49
	android:theme
		ADDED from src\main\AndroidManifest.xml:177:13-60
	android:name
		ADDED from src\main\AndroidManifest.xml:171:13-70
activity#com.wificonnect.WifiConnActivity
ADDED from src\main\AndroidManifest.xml:179:9-186:72
	android:process
		ADDED from src\main\AndroidManifest.xml:184:13-37
	android:screenOrientation
		ADDED from src\main\AndroidManifest.xml:185:13-50
	android:launchMode
		ADDED from src\main\AndroidManifest.xml:183:13-44
	android:configChanges
		ADDED from src\main\AndroidManifest.xml:182:13-81
	android:alwaysRetainTaskState
		ADDED from src\main\AndroidManifest.xml:181:13-49
	android:theme
		ADDED from src\main\AndroidManifest.xml:186:13-60
	android:name
		ADDED from src\main\AndroidManifest.xml:180:13-60
activity#com.tencent.devicedemo.AudioRecordActivity
ADDED from src\main\AndroidManifest.xml:188:9-194:72
	android:screenOrientation
		ADDED from src\main\AndroidManifest.xml:193:13-50
	android:launchMode
		ADDED from src\main\AndroidManifest.xml:192:13-44
	android:configChanges
		ADDED from src\main\AndroidManifest.xml:191:13-81
	android:alwaysRetainTaskState
		ADDED from src\main\AndroidManifest.xml:190:13-49
	android:theme
		ADDED from src\main\AndroidManifest.xml:194:13-60
	android:name
		ADDED from src\main\AndroidManifest.xml:189:13-48
service#com.yuntongxun.ecsdk.ECClientService
ADDED from src\main\AndroidManifest.xml:197:9-200:39
	android:enabled
		ADDED from src\main\AndroidManifest.xml:199:13-35
	android:process
		ADDED from src\main\AndroidManifest.xml:200:13-36
	android:name
		ADDED from src\main\AndroidManifest.xml:198:13-64
service#com.yuntongxun.ecsdk.ECClientService$InnerService
ADDED from src\main\AndroidManifest.xml:202:9-205:39
	android:enabled
		ADDED from src\main\AndroidManifest.xml:204:13-35
	android:process
		ADDED from src\main\AndroidManifest.xml:205:13-36
	android:name
		ADDED from src\main\AndroidManifest.xml:203:13-77
receiver#com.yuntongxun.ecsdk.booter.CCPReceivers$AlarmReceiver
ADDED from src\main\AndroidManifest.xml:207:9-209:39
	android:process
		ADDED from src\main\AndroidManifest.xml:209:13-36
	android:name
		ADDED from src\main\AndroidManifest.xml:208:13-82
receiver#com.yuntongxun.ecsdk.booter.Alarm
ADDED from src\main\AndroidManifest.xml:211:9-214:39
	android:process
		ADDED from src\main\AndroidManifest.xml:214:13-36
	android:exported
		ADDED from src\main\AndroidManifest.xml:213:13-37
	android:name
		ADDED from src\main\AndroidManifest.xml:212:13-61
service#rtc.sdk.impl.SdkService
ADDED from src\main\AndroidManifest.xml:217:9-221:19
	android:name
		ADDED from src\main\AndroidManifest.xml:217:18-56
intent-filter#rtc.sdk.service
ADDED from src\main\AndroidManifest.xml:218:13-220:29
action#rtc.sdk.service
ADDED from src\main\AndroidManifest.xml:219:17-58
	android:name
		ADDED from src\main\AndroidManifest.xml:219:25-55
receiver#com.tencent.devicedemo.AlarmReciver
ADDED from src\main\AndroidManifest.xml:223:9-81
	android:name
		ADDED from src\main\AndroidManifest.xml:223:19-69
service#com.tencent.device.TXDeviceService
ADDED from src\main\AndroidManifest.xml:225:9-229:19
	android:name
		ADDED from src\main\AndroidManifest.xml:225:18-67
intent-filter#com.tencent.device.RemoteTXDeviceService
ADDED from src\main\AndroidManifest.xml:226:13-228:29
action#com.tencent.device.RemoteTXDeviceService
ADDED from src\main\AndroidManifest.xml:227:17-83
	android:name
		ADDED from src\main\AndroidManifest.xml:227:25-80
service#com.androidex.DoorLock
ADDED from src\main\AndroidManifest.xml:230:9-234:19
	android:name
		ADDED from src\main\AndroidManifest.xml:230:18-55
intent-filter#com.android.action.doorsensor
ADDED from src\main\AndroidManifest.xml:231:13-233:29
action#com.android.action.doorsensor
ADDED from src\main\AndroidManifest.xml:232:17-72
	android:name
		ADDED from src\main\AndroidManifest.xml:232:25-69
service#com.androidex.service.MainService
ADDED from src\main\AndroidManifest.xml:235:9-77
	android:name
		ADDED from src\main\AndroidManifest.xml:235:18-66
service#com.tencent.av.VideoService
ADDED from src\main\AndroidManifest.xml:236:9-238:40
	android:process
		ADDED from src\main\AndroidManifest.xml:238:13-37
	android:name
		ADDED from src\main\AndroidManifest.xml:237:13-55
service#com.tencent.devicedemo.VideoMonitorService
ADDED from src\main\AndroidManifest.xml:240:9-242:40
	android:process
		ADDED from src\main\AndroidManifest.xml:242:13-37
	android:name
		ADDED from src\main\AndroidManifest.xml:241:13-70
meta-data#com.google.android.gms.version
ADDED from src\main\AndroidManifest.xml:245:9-247:69
MERGED from [com.google.android.gms:play-services-basement:8.4.0] AndroidManifest.xml:21:9-23:69
	android:value
		ADDED from src\main\AndroidManifest.xml:247:13-66
	android:name
		ADDED from src\main\AndroidManifest.xml:246:13-58
service#com.androidex.service.MyAccessibilityService
ADDED from src\main\AndroidManifest.xml:249:9-260:19
	android:label
		ADDED from src\main\AndroidManifest.xml:251:13-35
	android:permission
		ADDED from src\main\AndroidManifest.xml:252:13-79
	android:name
		ADDED from src\main\AndroidManifest.xml:250:13-72
intent-filter#android.accessibilityservice.AccessibilityService
ADDED from src\main\AndroidManifest.xml:253:13-255:29
action#android.accessibilityservice.AccessibilityService
ADDED from src\main\AndroidManifest.xml:254:17-92
	android:name
		ADDED from src\main\AndroidManifest.xml:254:25-89
meta-data#android.accessibilityservice
ADDED from src\main\AndroidManifest.xml:257:13-259:72
	android:resource
		ADDED from src\main\AndroidManifest.xml:259:17-69
	android:name
		ADDED from src\main\AndroidManifest.xml:258:17-60
service#com.ble.BTTempBLEService
ADDED from src\main\AndroidManifest.xml:262:9-264:38
	android:enabled
		ADDED from src\main\AndroidManifest.xml:264:13-35
	android:name
		ADDED from src\main\AndroidManifest.xml:263:13-52
receiver#eu.chainfire.supersu.NativeAccessReceiver
ADDED from src\main\AndroidManifest.xml:266:9-277:20
	android:name
		ADDED from src\main\AndroidManifest.xml:266:19-75
intent-filter#android.intent.action.BOOT_COMPLETED+android.intent.category.HOME
ADDED from src\main\AndroidManifest.xml:267:13-270:29
action#android.intent.action.BOOT_COMPLETED
ADDED from src\main\AndroidManifest.xml:268:17-79
	android:name
		ADDED from src\main\AndroidManifest.xml:268:25-76
category#android.intent.category.HOME
ADDED from src\main\AndroidManifest.xml:269:17-73
	android:name
		ADDED from src\main\AndroidManifest.xml:269:27-70
intent-filter#android.intent.action.PACKAGE_ADDED+android.intent.action.PACKAGE_REMOVED+android.intent.action.PACKAGE_REPLACED
ADDED from src\main\AndroidManifest.xml:271:13-276:29
data
ADDED from src\main\AndroidManifest.xml:272:17-49
	android:scheme
		ADDED from src\main\AndroidManifest.xml:272:23-47
action#android.intent.action.PACKAGE_REPLACED
ADDED from src\main\AndroidManifest.xml:273:17-80
	android:name
		ADDED from src\main\AndroidManifest.xml:273:25-78
action#android.intent.action.PACKAGE_ADDED
ADDED from src\main\AndroidManifest.xml:274:17-78
	android:name
		ADDED from src\main\AndroidManifest.xml:274:25-75
action#android.intent.action.PACKAGE_REMOVED
ADDED from src\main\AndroidManifest.xml:275:17-80
	android:name
		ADDED from src\main\AndroidManifest.xml:275:25-77
uses-sdk
INJECTED from src\main\AndroidManifest.xml reason: use-sdk injection requested
MERGED from [:appLibs:] AndroidManifest.xml:7:5-9:41
MERGED from [com.android.support:design:23.2.0] AndroidManifest.xml:20:5-43
MERGED from [com.android.support:recyclerview-v7:23.2.0] AndroidManifest.xml:20:5-43
MERGED from [com.google.android.gms:play-services-appindexing:8.4.0] AndroidManifest.xml:18:5-42
MERGED from [com.google.android.gms:play-services-base:8.4.0] AndroidManifest.xml:18:5-42
MERGED from [com.google.android.gms:play-services-basement:8.4.0] AndroidManifest.xml:18:5-42
MERGED from [LockaxialQQ-master:arcsoft:unspecified] AndroidManifest.xml:7:5-9:41
MERGED from [com.guo.android_extend:android-extend:1.0.1] AndroidManifest.xml:7:5-9:41
MERGED from [com.android.support.constraint:constraint-layout:1.0.2] AndroidManifest.xml:5:5-7:41
MERGED from [LockaxialQQ-master:synjones:unspecified] AndroidManifest.xml:7:5-9:41
MERGED from [com.android.support:appcompat-v7:23.2.0] AndroidManifest.xml:21:5-23:78
MERGED from [com.android.support:animated-vector-drawable:23.2.0] AndroidManifest.xml:5:5-44
MERGED from [com.android.support:support-vector-drawable:23.2.0] AndroidManifest.xml:5:5-43
MERGED from [com.android.support:support-v4:23.2.0] AndroidManifest.xml:20:5-43
	tools:overrideLibrary
		ADDED from [com.android.support:appcompat-v7:23.2.0] AndroidManifest.xml:23:9-75
	android:targetSdkVersion
		INJECTED from src\main\AndroidManifest.xml
		INJECTED from src\main\AndroidManifest.xml
	android:minSdkVersion
		INJECTED from src\main\AndroidManifest.xml
		INJECTED from src\main\AndroidManifest.xml
activity#com.arcsoft.dysmart.FaceRegisterActivity
ADDED from [LockaxialQQ-master:arcsoft:unspecified] AndroidManifest.xml:33:9-35:74
	android:theme
		ADDED from [LockaxialQQ-master:arcsoft:unspecified] AndroidManifest.xml:35:13-71
	android:name
		ADDED from [LockaxialQQ-master:arcsoft:unspecified] AndroidManifest.xml:34:13-68
activity#com.arcsoft.dysmart.DetecterActivity
ADDED from [LockaxialQQ-master:arcsoft:unspecified] AndroidManifest.xml:36:9-38:54
	android:theme
		ADDED from [LockaxialQQ-master:arcsoft:unspecified] AndroidManifest.xml:38:13-51
	android:name
		ADDED from [LockaxialQQ-master:arcsoft:unspecified] AndroidManifest.xml:37:13-64
activity#com.arcsoft.dysmart.PhotographActivity
ADDED from [LockaxialQQ-master:arcsoft:unspecified] AndroidManifest.xml:39:9-41:74
	android:theme
		ADDED from [LockaxialQQ-master:arcsoft:unspecified] AndroidManifest.xml:41:13-71
	android:name
		ADDED from [LockaxialQQ-master:arcsoft:unspecified] AndroidManifest.xml:40:13-66
activity#com.arcsoft.dysmart.PhotographActivity2
ADDED from [LockaxialQQ-master:arcsoft:unspecified] AndroidManifest.xml:42:9-44:54
	android:theme
		ADDED from [LockaxialQQ-master:arcsoft:unspecified] AndroidManifest.xml:44:13-51
	android:name
		ADDED from [LockaxialQQ-master:arcsoft:unspecified] AndroidManifest.xml:43:13-67
service#com.synjones.idcard.RemoteDecodeService
ADDED from [LockaxialQQ-master:synjones:unspecified] AndroidManifest.xml:19:9-75
	android:name
		ADDED from [LockaxialQQ-master:synjones:unspecified] AndroidManifest.xml:19:18-72